2020-01-10 11:54:05,238 ERROR: Exception on /delete [GET] [in /Users/lukazphelps/.pyenv/versions/3.8.1/lib/python3.8/site-packages/flask/app.py:1890]
Traceback (most recent call last):
  File "/Users/lukazphelps/.pyenv/versions/3.8.1/lib/python3.8/site-packages/flask/app.py", line 2446, in wsgi_app
    response = self.full_dispatch_request()
  File "/Users/lukazphelps/.pyenv/versions/3.8.1/lib/python3.8/site-packages/flask/app.py", line 1951, in full_dispatch_request
    rv = self.handle_user_exception(e)
  File "/Users/lukazphelps/.pyenv/versions/3.8.1/lib/python3.8/site-packages/flask/app.py", line 1820, in handle_user_exception
    reraise(exc_type, exc_value, tb)
  File "/Users/lukazphelps/.pyenv/versions/3.8.1/lib/python3.8/site-packages/flask/_compat.py", line 39, in reraise
    raise value
  File "/Users/lukazphelps/.pyenv/versions/3.8.1/lib/python3.8/site-packages/flask/app.py", line 1949, in full_dispatch_request
    rv = self.dispatch_request()
  File "/Users/lukazphelps/.pyenv/versions/3.8.1/lib/python3.8/site-packages/flask/app.py", line 1935, in dispatch_request
    return self.view_functions[rule.endpoint](**req.view_args)
  File "/Users/lukazphelps/.pyenv/versions/3.8.1/lib/python3.8/site-packages/flask_login/utils.py", line 261, in decorated_view
    return func(*args, **kwargs)
TypeError: delete() missing 1 required positional argument: 'id'
2020-01-10 11:56:29,106 INFO: Mythril startup [in /Users/lukazphelps/Desktop/SchoolCode/Mythril_Sheets/app/__init__.py:74]
2020-01-10 11:56:29,107 INFO: Mythril startup [in /Users/lukazphelps/Desktop/SchoolCode/Mythril_Sheets/app/__init__.py:92]
2020-01-10 11:56:29,107 INFO: Mythril startup [in /Users/lukazphelps/Desktop/SchoolCode/Mythril_Sheets/app/__init__.py:92]
2020-01-10 11:57:47,797 INFO: Mythril startup [in /Users/lukazphelps/Desktop/SchoolCode/Mythril_Sheets/app/__init__.py:74]
2020-01-10 11:57:47,797 INFO: Mythril startup [in /Users/lukazphelps/Desktop/SchoolCode/Mythril_Sheets/app/__init__.py:92]
2020-01-10 11:57:47,797 INFO: Mythril startup [in /Users/lukazphelps/Desktop/SchoolCode/Mythril_Sheets/app/__init__.py:92]
2020-01-10 11:58:02,257 INFO: Mythril startup [in /Users/lukazphelps/Desktop/SchoolCode/Mythril_Sheets/app/__init__.py:74]
2020-01-10 11:58:02,258 INFO: Mythril startup [in /Users/lukazphelps/Desktop/SchoolCode/Mythril_Sheets/app/__init__.py:92]
2020-01-10 11:58:02,258 INFO: Mythril startup [in /Users/lukazphelps/Desktop/SchoolCode/Mythril_Sheets/app/__init__.py:92]
